node_
VENT_NORTHING 3534024

VENT_NORTHING = 3534024
VENT_EASTING 676858

VENT_EASTING = 676858
VENT_ELEVATION 1000

VENT_ELEVATION = 1000
 

PLUME_HEIGHT          7.9969051E+03

PLUME_HEIGHT = 7997
ALPHA          6.5193252E-01

BETA          1.0000000E+00

ERUPTION_MASS          1.4381539E+10

ERUPTION_MASS = 1.43815e+010
MAX_GRAINSIZE -7

MAX_GRAINSIZE = -7 (phi)
MIN_GRAINSIZE 7

MIN_GRAINSIZE = 7 (phi)
MEDIAN_GRAINSIZE         -2.4523208E-01

MEDIAN_GRAINSIZE = -0.245232 (phi)
STD_GRAINSIZE          2.0155584E+00

STD_GRAINSIZE = 2.01556 (phi)
 

EDDY_CONST          4.2558068E-02

EDDY_CONST=0.04
 

# diffusion coeff for large particles (m2/s)

DIFFUSION_COEFFICIENT          9.9999986E+02

DIFFUSION_COEFFICIENT=1000
 

# threshold for change in diffusion (seconds fall time)

FALL_TIME_THRESHOLD          1.0000000E+02

FALL_TIME_THRESHOLD=100
 

# density model for the pyroclasts

LITHIC_DENSITY 	    2.5999489E+03

LITHIC_DENSITY=2600
PUMICE_DENSITY 	    1.0000938E+03

PUMICE_DENSITY=1000
 

#define column integration steps

COL_STEPS 400

COL_STEPS = 400
PART_STEPS 14

PART_STEPS = 14
 

# Note:

# 0 = uniform distribution using threshold at PLUME_RATIO (no longer used)

# 1 = log-normal distribution using beta (no longer used)

# 2 = beta distribution using parameters alpha and beta (set below)

PLUME_MODEL 2


Min Particle Fall Time = 17.4462s
Max Particle Fall Time = 458906s
PART_STEPS=14 bin_width=1
