node_
VENT_NORTHING 3534024

VENT_NORTHING = 3534024
VENT_EASTING 676858

VENT_EASTING = 676858
VENT_ELEVATION 1000

VENT_ELEVATION = 1000
 

PLUME_HEIGHT          8.0700750E+03

PLUME_HEIGHT = 8070
ALPHA          1.6504778E-02

BETA          1.0000000E+00

ERUPTION_MASS          3.4176943E+10

ERUPTION_MASS = 3.41769e+010
MAX_GRAINSIZE -7

MAX_GRAINSIZE = -7 (phi)
MIN_GRAINSIZE 7

MIN_GRAINSIZE = 7 (phi)
MEDIAN_GRAINSIZE         -2.2551680E-01

MEDIAN_GRAINSIZE = -0.225517 (phi)
STD_GRAINSIZE          2.1112605E+00

STD_GRAINSIZE = 2.11126 (phi)
 

EDDY_CONST          4.0270770E-02

EDDY_CONST=0.04
 

# diffusion coeff for large particles (m2/s)

DIFFUSION_COEFFICIENT          6.4112186E+02

DIFFUSION_COEFFICIENT=641
 

# threshold for change in diffusion (seconds fall time)

FALL_TIME_THRESHOLD          1.0227155E+02

FALL_TIME_THRESHOLD=102
 

# density model for the pyroclasts

LITHIC_DENSITY 	    2.4000000E+03

LITHIC_DENSITY=2400
PUMICE_DENSITY 	    8.7547660E+02

PUMICE_DENSITY=875
 

#define column integration steps

COL_STEPS 400

COL_STEPS = 400
PART_STEPS 14

PART_STEPS = 14
 

# Note:

# 0 = uniform distribution using threshold at PLUME_RATIO (no longer used)

# 1 = log-normal distribution using beta (no longer used)

# 2 = beta distribution using parameters alpha and beta (set below)

PLUME_MODEL 2


Min Particle Fall Time = 18.6499s
Max Particle Fall Time = 503042s
PART_STEPS=14 bin_width=1
